[debug] [2024-08-21T15:36:06.154Z] ----------------------------------------------------------------------
[debug] [2024-08-21T15:36:06.157Z] Command:       C:\Program Files\nodejs\node.exe C:\Users\divya\AppData\Roaming\npm\node_modules\firebase-tools\lib\bin\firebase.js init functions
[debug] [2024-08-21T15:36:06.157Z] CLI Version:   13.15.3
[debug] [2024-08-21T15:36:06.157Z] Platform:      win32
[debug] [2024-08-21T15:36:06.157Z] Node Version:  v20.10.0
[debug] [2024-08-21T15:36:06.157Z] Time:          Wed Aug 21 2024 21:06:06 GMT+0530 (India Standard Time)
[debug] [2024-08-21T15:36:06.158Z] ----------------------------------------------------------------------
[debug] 
[debug] [2024-08-21T15:36:06.160Z] >>> [apiv2][query] GET https://firebase-public.firebaseio.com/cli.json [none]
[debug] [2024-08-21T15:36:06.210Z] > command requires scopes: ["email","openid","https://www.googleapis.com/auth/cloudplatformprojects.readonly","https://www.googleapis.com/auth/firebase","https://www.googleapis.com/auth/cloud-platform"]
[debug] [2024-08-21T15:36:06.210Z] > authorizing via signed-in user (prayogcrafts150@gmail.com)
[info] 
     ######## #### ########  ######## ########     ###     ######  ########
     ##        ##  ##     ## ##       ##     ##  ##   ##  ##       ##
     ######    ##  ########  ######   ########  #########  ######  ######
     ##        ##  ##    ##  ##       ##     ## ##     ##       ## ##
     ##       #### ##     ## ######## ########  ##     ##  ######  ########

You're about to initialize a Firebase project in this directory:

  C:\Users\divya\Desktop\Projects\NodeJS\ProgQuotes

[debug] [2024-08-21T15:36:07.035Z] <<< [apiv2][status] GET https://firebase-public.firebaseio.com/cli.json 200
[debug] [2024-08-21T15:36:07.036Z] <<< [apiv2][body] GET https://firebase-public.firebaseio.com/cli.json {"cloudBuildErrorAfter":1594252800000,"cloudBuildWarnAfter":1590019200000,"defaultNode10After":1594252800000,"minVersion":"3.0.5","node8DeploysDisabledAfter":1613390400000,"node8RuntimeDisabledAfter":1615809600000,"node8WarnAfter":1600128000000}
[info] 
=== Project Setup
[info] 
[info] First, let's associate this project directory with a Firebase project.
[info] You can create multiple project aliases by running firebase use --add, 
[info] but for now we'll just set up a default project.
[info] 
